<?xml version="1.0" encoding="UTF-8"?>
<!-- Generated by org.testng.reporters.JUnitReportReporter -->
<testsuite hostname="BKLAP035" failures="0" tests="1" name="restapi.TC04_Patch_Request" time="0.081" errors="0" timestamp="2022-04-27T12:06:19 IST" skipped="0">
  <testcase classname="restapi.TC04_Patch_Request" name="patch_data" time="0.081"/>
  <system-out/>
</testsuite> <!-- restapi.TC04_Patch_Request -->
