<?xml version="1.0" encoding="UTF-8"?>
<!-- Generated by org.testng.reporters.JUnitReportReporter -->
<testsuite hostname="BKLAP035" failures="0" tests="1" name="restapi.TC03_Put_Request" time="0.083" errors="0" timestamp="2022-04-27T12:06:19 IST" skipped="0">
  <testcase classname="restapi.TC03_Put_Request" name="put_data" time="0.083"/>
  <system-out/>
</testsuite> <!-- restapi.TC03_Put_Request -->
