<?xml version="1.0" encoding="UTF-8"?>
<!-- Generated by org.testng.reporters.JUnitReportReporter -->
<testsuite hostname="BKLAP035" failures="0" tests="1" name="restapi.TC01_Get_Request" time="2.482" errors="0" timestamp="2022-04-27T12:06:19 IST" skipped="0">
  <testcase classname="restapi.TC01_Get_Request" name="get_data" time="2.482"/>
  <system-out/>
</testsuite> <!-- restapi.TC01_Get_Request -->
