<?xml version="1.0" encoding="UTF-8"?>
<!-- Generated by org.testng.reporters.JUnitReportReporter -->
<testsuite hostname="BKLAP035" failures="0" tests="4" name="TestCases" time="0.216" errors="0" timestamp="2022-04-27T15:03:20 IST" skipped="0">
  <testcase classname="TestCases" name="GetData" time="0.047"/>
  <system-out/>
  <testcase classname="TestCases" name="post_data" time="0.059"/>
  <system-out/>
  <testcase classname="TestCases" name="put_data" time="0.062"/>
  <system-out/>
  <testcase classname="TestCases" name="delete_data" time="0.048"/>
  <system-out/>
</testsuite> <!-- TestCases -->
