<?xml version="1.0" encoding="UTF-8"?>
<!-- Generated by org.testng.reporters.JUnitReportReporter -->
<testsuite hostname="BKLAP035" failures="0" tests="4" name="restapi.TestCases" time="3.186" errors="0" timestamp="2022-04-27T15:03:20 IST" skipped="0">
  <testcase classname="restapi.TestCases" name="GetData" time="2.943"/>
  <system-out/>
  <testcase classname="restapi.TestCases" name="post_data" time="0.108"/>
  <system-out/>
  <testcase classname="restapi.TestCases" name="put_data" time="0.075"/>
  <system-out/>
  <testcase classname="restapi.TestCases" name="delete_data" time="0.060"/>
  <system-out/>
</testsuite> <!-- restapi.TestCases -->
